[04:15:41] INFO: Session started, sess_id=314, mode=plan, model=kimi-k2.5:cloud
[04:15:41] Choose persona START...: 
[04:15:41] Choose available number (x to cancel): 
[04:15:42] Set system message ( CTRL+x ENTER to Finish. ): 
[04:15:46] Choose history START...: 
[04:15:46] Choose available number (x to cancel): 
[04:15:47] Canceling...
[04:15:47] Tool training — warming up model on available tools...
[04:15:47] [Context: 169/131072 (0.1%)]
[04:15:47] [iter 1] [Context: 169/131072 (0.1%)]
[04:15:47] INFO: AI request (iteration 1, msgs=2)
[04:15:54] INFO: AI response: 353 prompt + 575 response tokens (total: 353 / 575)
[04:15:54] ✓ GetTip: Error: Missing required parameter(s): title
Usage:
<GetTip>
<title>string</title>
</GetTip>
[04:15:54] [after +575] [Context: 255/131072 (0.2%)]
[04:15:54] [iter 2] [Context: 255/131072 (0.2%)]
[04:15:54] INFO: AI request (iteration 2, msgs=4)
[04:15:57] INFO: AI response: 428 prompt + 26 response tokens (total: 781 / 601)
[04:15:57] [after +26] [Context: 4923/131072 (3.8%)]
[04:15:57] [iter 3] [Context: 4923/131072 (3.8%)]
[04:15:57] INFO: AI request (iteration 3, msgs=6)
[04:16:10] <WriteFile
[Aborted: 'WriteFile' cannot be used in PLAN mode]
[04:16:10] Stream aborted: 'WriteFile' cannot be used in PLAN mode
[04:16:10] INFO: AI response: 0 prompt + 0 response tokens (total: 781 / 601)
[04:16:10] [after +0] [Context: 6267/131072 (4.8%)]
[04:16:10] You: 
[04:20:07] [Context: 6366/131072 (4.9%)]
[04:20:07] [iter 1] [Context: 6366/131072 (4.9%)]
[04:20:07] INFO: AI request (iteration 1, msgs=8)
[04:20:10] INFO: AI response: 6465 prompt + 181 response tokens (total: 7246 / 782)
[04:20:10] [after +181] [Context: 6804/131072 (5.2%)]
[04:20:10] [iter 2] [Context: 6804/131072 (5.2%)]
[04:20:10] INFO: AI request (iteration 2, msgs=10)
[04:20:13] INFO: AI response: 7043 prompt + 106 response tokens (total: 14289 / 888)
[04:20:13] [after +106] [Context: 34572/131072 (26.4%)]
[04:20:13] [iter 3] [Context: 34572/131072 (26.4%)]
[04:20:13] INFO: AI request (iteration 3, msgs=15)
[04:20:17] INFO: AI response: 48157 prompt + 114 response tokens (total: 62446 / 1002)
[04:20:17] [after +114] [Context: 43450/131072 (33.1%)]
[04:20:17] [iter 4] [Context: 43450/131072 (33.1%)]
[04:20:17] INFO: AI request (iteration 4, msgs=20)
[04:20:26] INFO: AI response: 59331 prompt + 537 response tokens (total: 121777 / 1539)
[04:20:26] [after +537] [Context: 46468/131072 (35.5%)]
[04:20:26] [iter 5] [Context: 46468/131072 (35.5%)]
[04:20:26] INFO: AI request (iteration 5, msgs=23)
[04:20:39] INFO: AI response: 62721 prompt + 949 response tokens (total: 184498 / 2488)
[04:20:39] [after +949] [Context: 46825/131072 (35.7%)]
[04:20:39] [iter 6] [Context: 46825/131072 (35.7%)]
[04:20:39] INFO: AI request (iteration 6, msgs=25)
[04:20:54] INFO: AI response: 63052 prompt + 1175 response tokens (total: 247550 / 3663)
[04:20:54] [after +1175] [Context: 48272/131072 (36.8%)]
[04:20:54] [iter 7] [Context: 48272/131072 (36.8%)]
[04:20:54] INFO: AI request (iteration 7, msgs=35)
[04:21:04] INFO: AI response: 64371 prompt + 484 response tokens (total: 311921 / 4147)
[04:21:04] [after +484] [Context: 49036/131072 (37.4%)]
[04:21:04] [iter 8] [Context: 49036/131072 (37.4%)]
[04:21:04] INFO: AI request (iteration 8, msgs=38)
[04:21:10] INFO: AI response: 65082 prompt + 190 response tokens (total: 377003 / 4337)
[04:21:10] [after +190] [Context: 49184/131072 (37.5%)]
[04:21:10] [iter 9] [Context: 49184/131072 (37.5%)]
[04:21:10] INFO: AI request (iteration 9, msgs=40)
[04:21:13] INFO: AI response: 65232 prompt + 70 response tokens (total: 442235 / 4407)
[04:21:13] [after +70] [Context: 51106/131072 (39.0%)]
[04:21:13] [iter 10] [Context: 51106/131072 (39.0%)]
[04:21:13] INFO: AI request (iteration 10, msgs=42)
[04:21:16] INFO: AI response: 67965 prompt + 74 response tokens (total: 510200 / 4481)
[04:21:16] [after +74] [Context: 62272/131072 (47.5%)]
[04:21:16] Model tried to use 'WriteFile' in PLAN mode.
[04:21:16]   1. Switch to BUILD mode (allow the tool)
[04:21:16]   2. Stay in PLAN mode (block the tool, continue planning)
[04:21:16]   3. Cancel AI (return to user prompt)
[04:21:16]   4. Continue (dismiss, let the model proceed)
[04:21:16] Choice (1-4): 
[04:21:25] You: 
[04:21:28] You: 
[04:21:55] [Context: 62401/131072 (47.6%)]
[04:21:55] [iter 1] [Context: 62401/131072 (47.6%)]
[04:21:55] INFO: AI request (iteration 1, msgs=47)
[04:22:01] INFO: AI response: 84813 prompt + 286 response tokens (total: 595013 / 4767)
[04:22:01] [after +286] [Context: 62670/131072 (47.8%)]
[04:22:01] [iter 2] [Context: 62670/131072 (47.8%)]
[04:22:01] INFO: AI request (iteration 2, msgs=50)
[04:22:07] INFO: AI response: 85041 prompt + 393 response tokens (total: 680054 / 5160)
[04:22:07] [after +393] [Context: 62837/131072 (47.9%)]
[04:22:07] [iter 3] [Context: 62837/131072 (47.9%)]
[04:22:07] INFO: AI request (iteration 3, msgs=52)
[04:22:11] INFO: AI response: 85196 prompt + 107 response tokens (total: 765250 / 5267)
[04:22:11] [after +107] [Context: 62889/131072 (48.0%)]
[04:22:11] [iter 4] [Context: 62889/131072 (48.0%)]
[04:22:11] INFO: AI request (iteration 4, msgs=54)
[04:22:17] INFO: AI response: 85269 prompt + 79 response tokens (total: 850519 / 5346)
[04:22:17] [after +79] [Context: 68577/131072 (52.3%)]
[04:22:17] [iter 5] [Context: 68577/131072 (52.3%)]
[04:22:17] INFO: AI request (iteration 5, msgs=56)
[04:22:32] INFO: AI response: 95380 prompt + 1275 response tokens (total: 945899 / 6621)
[04:22:32] [after +1275] [Context: 69317/131072 (52.9%)]
[04:22:32] [iter 6] [Context: 69317/131072 (52.9%)]
[04:22:32] INFO: AI request (iteration 6, msgs=58)
[04:32:22] INFO: Session started, sess_id=315, mode=plan, model=kimi-k2.5:cloud
[04:32:22] Choose persona START...: 
[04:32:22] Choose available number (x to cancel): 
[04:32:23] Set system message ( CTRL+x ENTER to Finish. ): 
[04:32:24] Choose history START...: 
[04:32:25] Choose available number (x to cancel): 
[04:32:26] Canceling...
[04:32:26] Tool training — warming up model on available tools...
[04:32:26] [Context: 169/131072 (0.1%)]
[04:32:26] [iter 1] [Context: 169/131072 (0.1%)]
[04:32:26] INFO: AI request (iteration 1, msgs=2)
[04:32:50] <WriteFile
[Aborted: 'WriteFile' cannot be used in PLAN mode]
[04:32:50] Stream aborted: 'WriteFile' cannot be used in PLAN mode
[04:32:50] INFO: AI response: 0 prompt + 0 response tokens (total: 0 / 0)
[04:32:50] [after +0] [Context: 3701/131072 (2.8%)]
[04:32:50] You: 
[04:32:53] You: 
[04:33:18] You: 
[04:33:57] [Context: 3744/131072 (2.9%)]
[04:33:57] [iter 1] [Context: 3744/131072 (2.9%)]
[04:33:57] INFO: AI request (iteration 1, msgs=4)
[04:33:58] INFO: AI response: 732 prompt + 130 response tokens (total: 732 / 130)
[04:33:58] ✓ GetTip: Error: Missing required parameter(s): title
Usage:
<GetTip>
<title>string</title>
</GetTip>
[04:33:58] Tool `GetTip` failed 2 times with missing parameter(s): title. Correct format:

Usage:
<GetTip>
<title>string</title>
</GetTip>
[04:33:58] ✓ GetTip: Error: Missing required parameter(s): title
Usage:
<GetTip>
<title>string</title>
</GetTip>
[04:33:58] [after +130] [Context: 3851/131072 (2.9%)]
[04:33:58] [iter 2] [Context: 3851/131072 (2.9%)]
[04:33:58] INFO: AI request (iteration 2, msgs=8)
[04:34:02] INFO: AI response: 837 prompt + 514 response tokens (total: 1569 / 644)
[04:34:02] [after +514] [Context: 3990/131072 (3.0%)]
[04:34:02] WARN: 3 consecutive tool errors, last tool: TreeView
[04:34:02] AI loop: 3 consecutive tool errors — breaking loop
[04:34:02] [iter 4] [Context: 4048/131072 (3.1%)]
[04:34:02] INFO: AI request (iteration 4, msgs=11)
[04:34:04] INFO: AI response: 1014 prompt + 136 response tokens (total: 2583 / 780)
[04:34:04] [after +136] [Context: 11018/131072 (8.4%)]
[04:34:04] [iter 5] [Context: 11018/131072 (8.4%)]
[04:34:04] INFO: AI request (iteration 5, msgs=14)
[04:34:06] INFO: AI response: 8080 prompt + 169 response tokens (total: 10663 / 949)
[04:34:06] [after +169] [Context: 13823/131072 (10.5%)]
[04:34:06] [iter 6] [Context: 13823/131072 (10.5%)]
[04:34:06] INFO: AI request (iteration 6, msgs=17)
[04:34:08] INFO: AI response: 11293 prompt + 72 response tokens (total: 21956 / 1021)
[04:34:08] [after +72] [Context: 23750/131072 (18.1%)]
[04:34:08] [iter 7] [Context: 23750/131072 (18.1%)]
[04:34:08] INFO: AI request (iteration 7, msgs=22)
[04:34:10] INFO: AI response: 24050 prompt + 74 response tokens (total: 46006 / 1095)
[04:34:10] [after +74] [Context: 25872/131072 (19.7%)]
[04:34:10] [iter 8] [Context: 25872/131072 (19.7%)]
[04:34:10] INFO: AI request (iteration 8, msgs=27)
[04:34:21] INFO: AI response: 26956 prompt + 1685 response tokens (total: 72962 / 2780)
[04:34:21] [after +1685] [Context: 27793/131072 (21.2%)]
[04:34:21] [iter 9] [Context: 27793/131072 (21.2%)]
[04:34:21] INFO: AI request (iteration 9, msgs=40)
[04:34:25] INFO: AI response: 28772 prompt + 238 response tokens (total: 101734 / 3018)
[04:34:25] [after +238] [Context: 29878/131072 (22.8%)]
[04:34:25] [iter 10] [Context: 29878/131072 (22.8%)]
[04:34:25] INFO: AI request (iteration 10, msgs=44)
[04:34:29] INFO: AI response: 31368 prompt + 154 response tokens (total: 133102 / 3172)
[04:34:29] [after +154] [Context: 30517/131072 (23.3%)]
[04:34:29] Model tried to use 'WriteFile' in PLAN mode.
[04:34:29]   1. Switch to BUILD mode (allow the tool)
[04:34:29]   2. Stay in PLAN mode (block the tool, continue planning)
[04:34:29]   3. Cancel AI (return to user prompt)
[04:34:29]   4. Continue (dismiss, let the model proceed)
[04:34:29] Choice (1-4): 
[04:34:40] You: 
[04:34:42] You: 
[04:34:49] You: 
[04:35:05] [Context: 30646/131072 (23.4%)]
[04:35:05] [iter 1] [Context: 30646/131072 (23.4%)]
[04:35:05] INFO: AI request (iteration 1, msgs=48)
[04:35:13] INFO: AI response: 32176 prompt + 1162 response tokens (total: 165278 / 4334)
[04:35:13] [after +1162] [Context: 30975/131072 (23.6%)]
[04:35:13] [iter 2] [Context: 30975/131072 (23.6%)]
[04:35:13] INFO: AI request (iteration 2, msgs=51)
[04:35:23] INFO: AI response: 32477 prompt + 162 response tokens (total: 197755 / 4496)
[04:35:23] Tool `ReplaceLine` failed 2 times with errors. Correct format:

Usage:
<ReplaceLine>
<fileName>string</fileName>
<fromLine>number</fromLine>
<toLine>number</toLine>
<replacement>string</replacement>
<confirmed>string</confirmed>
</ReplaceLine>
[04:35:23] [after +162] [Context: 31200/131072 (23.8%)]
[04:35:23] [iter 3] [Context: 31200/131072 (23.8%)]
[04:35:23] INFO: AI request (iteration 3, msgs=55)
[04:35:25] INFO: AI response: 32697 prompt + 128 response tokens (total: 230452 / 4624)
[04:35:25] [after +128] [Context: 31299/131072 (23.9%)]
[04:35:25] [iter 4] [Context: 31299/131072 (23.9%)]
[04:35:25] INFO: AI request (iteration 4, msgs=57)
[04:35:27] INFO: AI response: 32794 prompt + 98 response tokens (total: 263246 / 4722)
[04:35:27] [after +98] [Context: 31396/131072 (24.0%)]
[04:35:27] [iter 5] [Context: 31396/131072 (24.0%)]
[04:35:27] INFO: AI request (iteration 5, msgs=59)
[04:35:30] INFO: AI response: 32889 prompt + 101 response tokens (total: 296135 / 4823)
[04:35:30] [after +101] [Context: 32092/131072 (24.5%)]
[04:35:30] [iter 6] [Context: 32092/131072 (24.5%)]
[04:35:30] INFO: AI request (iteration 6, msgs=61)
[04:35:32] INFO: AI response: 33741 prompt + 108 response tokens (total: 329876 / 4931)
[04:35:32] Tool `ReadFile` failed 2 times with errors. Correct format:

Usage:
<ReadFile>
<fileName>string</fileName>
<max_chars>string</max_chars>
</ReadFile>
[04:35:32] [after +108] [Context: 32313/131072 (24.7%)]
[04:35:32] [iter 7] [Context: 32313/131072 (24.7%)]
[04:35:32] INFO: AI request (iteration 7, msgs=65)
[04:35:33] INFO: AI response: 33945 prompt + 51 response tokens (total: 363821 / 4982)
[04:35:33] [after +51] [Context: 32584/131072 (24.9%)]
[04:35:33] [iter 8] [Context: 32584/131072 (24.9%)]
[04:35:33] INFO: AI request (iteration 8, msgs=67)
[04:35:37] INFO: AI response: 34207 prompt + 321 response tokens (total: 398028 / 5303)
[04:35:37] [after +321] [Context: 32789/131072 (25.0%)]
[04:35:37] [iter 9] [Context: 32789/131072 (25.0%)]
[04:35:37] INFO: AI request (iteration 9, msgs=69)
[04:35:39] INFO: AI response: 34381 prompt + 82 response tokens (total: 432409 / 5385)
[04:35:39] [after +82] [Context: 32935/131072 (25.1%)]
[04:35:39] [iter 10] [Context: 32935/131072 (25.1%)]
[04:35:39] INFO: AI request (iteration 10, msgs=71)
[04:35:41] INFO: AI response: 34511 prompt + 54 response tokens (total: 466920 / 5439)
[04:35:41] [after +54] [Context: 33084/131072 (25.2%)]
[04:35:41] Auto-continue: AI round 1/50 — task 1/9: Read modules/ssh.py, modules/tcpdump.py, modules/vsftp.py an...
[04:35:41] [Context: 33192/131072 (25.3%)]
[04:35:41] [iter 1] [Context: 33192/131072 (25.3%)]
[04:35:41] INFO: AI request (iteration 1, msgs=74)
[04:35:43] INFO: AI response: 34730 prompt + 195 response tokens (total: 501650 / 5634)
[04:35:43] [after +195] [Context: 33288/131072 (25.4%)]
[04:35:43] [iter 2] [Context: 33349/131072 (25.4%)]
[04:35:43] INFO: AI request (iteration 2, msgs=79)
[04:35:45] INFO: AI response: 34886 prompt + 99 response tokens (total: 536536 / 5733)
[04:35:45] [after +99] [Context: 33460/131072 (25.5%)]
[04:35:45] Auto-continue: task 1/9 — Read modules/ssh.py, modules/tcpdump.py, modules/vsftp.py an...
[04:35:45] [iter 3] [Context: 33568/131072 (25.6%)]
[04:35:45] INFO: AI request (iteration 3, msgs=81)
[04:35:48] INFO: AI response: 35082 prompt + 273 response tokens (total: 571618 / 6006)
[04:35:48] [after +273] [Context: 33911/131072 (25.9%)]
[04:35:48] [iter 4] [Context: 33911/131072 (25.9%)]
[04:35:48] INFO: AI request (iteration 4, msgs=85)
[04:35:50] INFO: AI response: 35402 prompt + 141 response tokens (total: 607020 / 6147)
[04:35:50] [after +141] [Context: 34035/131072 (26.0%)]
[04:35:50] [iter 5] [Context: 34035/131072 (26.0%)]
[04:35:50] INFO: AI request (iteration 5, msgs=90)
[04:35:53] INFO: AI response: 35524 prompt + 142 response tokens (total: 642544 / 6289)
[04:35:53] [after +142] [Context: 34193/131072 (26.1%)]
[04:35:53] Auto-continue: task 1/9 — Read modules/ssh.py, modules/tcpdump.py, modules/vsftp.py an...
[04:35:53] [iter 6] [Context: 34301/131072 (26.2%)]
[04:35:53] INFO: AI request (iteration 6, msgs=92)
[04:35:55] INFO: AI response: 35760 prompt + 137 response tokens (total: 678304 / 6426)
[04:35:55] [after +137] [Context: 34511/131072 (26.3%)]
[04:35:55] [iter 7] [Context: 34511/131072 (26.3%)]
[04:35:55] INFO: AI request (iteration 7, msgs=94)
[04:36:08] INFO: AI response: 36029 prompt + 80 response tokens (total: 714333 / 6506)
[04:36:08] [after +80] [Context: 34606/131072 (26.4%)]
[04:36:08] Auto-continue: task 1/9 — Read modules/ssh.py, modules/tcpdump.py, modules/vsftp.py an...
[04:36:08] [iter 8] [Context: 34714/131072 (26.5%)]
[04:36:08] INFO: AI request (iteration 8, msgs=96)
[04:36:10] INFO: AI response: 36208 prompt + 40 response tokens (total: 750541 / 6546)
[04:36:10] [after +40] [Context: 34760/131072 (26.5%)]
[04:36:10] Auto-continue: AI round 2/50 — task 1/9: Read modules/ssh.py, modules/tcpdump.py, modules/vsftp.py an...
[04:36:10] [Context: 34868/131072 (26.6%)]
[04:36:10] [iter 1] [Context: 34868/131072 (26.6%)]
[04:36:10] INFO: AI request (iteration 1, msgs=98)
[04:36:16] INFO: AI response: 36346 prompt + 464 response tokens (total: 786887 / 7010)
[04:36:16] [after +464] [Context: 34985/131072 (26.7%)]
[04:36:16] [iter 2] [Context: 34985/131072 (26.7%)]
[04:36:16] INFO: AI request (iteration 2, msgs=103)
[04:36:19] INFO: AI response: 36463 prompt + 113 response tokens (total: 823350 / 7123)
[04:36:19] [after +113] [Context: 35103/131072 (26.8%)]
[04:36:19] Auto-continue: task 1/9 — Read modules/ssh.py, modules/tcpdump.py, modules/vsftp.py an...
[04:36:19] [iter 3] [Context: 35211/131072 (26.9%)]
[04:36:19] INFO: AI request (iteration 3, msgs=105)
[04:36:21] INFO: AI response: 36675 prompt + 91 response tokens (total: 860025 / 7214)
[04:36:21] [after +91] [Context: 35315/131072 (26.9%)]
[04:36:21] Auto-continue: AI round 3/50 — task 1/9: Read modules/ssh.py, modules/tcpdump.py, modules/vsftp.py an...
[04:36:21] [Context: 35423/131072 (27.0%)]
[04:36:21] [iter 1] [Context: 35423/131072 (27.0%)]
[04:36:21] INFO: AI request (iteration 1, msgs=107)
[04:36:23] INFO: AI response: 36864 prompt + 100 response tokens (total: 896889 / 7314)
[04:36:23] [after +100] [Context: 35531/131072 (27.1%)]
[04:36:23] Auto-continue: AI round 4/50 — task 1/9: Read modules/ssh.py, modules/tcpdump.py, modules/vsftp.py an...
[04:36:23] [Context: 35639/131072 (27.2%)]
[04:36:23] [iter 1] [Context: 35639/131072 (27.2%)]
[04:36:23] INFO: AI request (iteration 1, msgs=109)
[04:36:24] INFO: AI response: 37062 prompt + 47 response tokens (total: 933951 / 7361)
[04:36:24] [after +47] [Context: 35689/131072 (27.2%)]
[04:36:24] Auto-continue: AI round 5/50 — task 1/9: Read modules/ssh.py, modules/tcpdump.py, modules/vsftp.py an...
[04:36:24] [Context: 35797/131072 (27.3%)]
[04:36:24] [iter 1] [Context: 35797/131072 (27.3%)]
[04:36:24] INFO: AI request (iteration 1, msgs=111)
[04:36:26] INFO: AI response: 37207 prompt + 44 response tokens (total: 971158 / 7405)
[04:36:26] [after +44] [Context: 35845/131072 (27.3%)]
[04:36:26] Auto-continue: AI round 6/50 — task 1/9: Read modules/ssh.py, modules/tcpdump.py, modules/vsftp.py an...
[04:36:26] [Context: 35953/131072 (27.4%)]
[04:36:26] [iter 1] [Context: 35953/131072 (27.4%)]
[04:36:26] INFO: AI request (iteration 1, msgs=113)
[04:36:28] INFO: AI response: 37351 prompt + 106 response tokens (total: 1008509 / 7511)
[04:36:28] [after +106] [Context: 36064/131072 (27.5%)]
[04:36:28] Auto-continue: AI round 7/50 — task 1/9: Read modules/ssh.py, modules/tcpdump.py, modules/vsftp.py an...
[04:36:28] [Context: 36172/131072 (27.6%)]
[04:36:28] [iter 1] [Context: 36172/131072 (27.6%)]
[04:36:28] INFO: AI request (iteration 1, msgs=115)
[04:36:32] INFO: AI response: 37502 prompt + 398 response tokens (total: 1046011 / 7909)
[04:36:32] [after +398] [Context: 36531/131072 (27.9%)]
[04:36:32] [iter 2] [Context: 36531/131072 (27.9%)]
[04:36:32] INFO: AI request (iteration 2, msgs=120)
[04:36:34] INFO: AI response: 37835 prompt + 150 response tokens (total: 1083846 / 8059)
[04:36:34] [after +150] [Context: 36611/131072 (27.9%)]
[04:36:34] [iter 3] [Context: 36611/131072 (27.9%)]
[04:36:34] INFO: AI request (iteration 3, msgs=125)
[04:36:36] INFO: AI response: 37913 prompt + 165 response tokens (total: 1121759 / 8224)
[04:36:36] [after +165] [Context: 36726/131072 (28.0%)]
[04:36:36] [iter 4] [Context: 36726/131072 (28.0%)]
[04:36:36] INFO: AI request (iteration 4, msgs=130)
[04:36:40] INFO: AI response: 38023 prompt + 319 response tokens (total: 1159782 / 8543)
[04:36:40] [after +319] [Context: 36861/131072 (28.1%)]
[04:36:40] [iter 5] [Context: 36861/131072 (28.1%)]
[04:36:40] INFO: AI request (iteration 5, msgs=135)
[04:36:43] INFO: AI response: 38152 prompt + 225 response tokens (total: 1197934 / 8768)
[04:36:43] [after +225] [Context: 37562/131072 (28.7%)]
[04:36:43] [iter 6] [Context: 37562/131072 (28.7%)]
[04:36:43] INFO: AI request (iteration 6, msgs=140)
[04:36:48] INFO: AI response: 38721 prompt + 313 response tokens (total: 1236655 / 9081)
[04:36:48] [after +313] [Context: 37705/131072 (28.8%)]
[04:36:48] [iter 7] [Context: 37705/131072 (28.8%)]
[04:36:48] INFO: AI request (iteration 7, msgs=142)
[04:36:52] INFO: AI response: 38884 prompt + 571 response tokens (total: 1275539 / 9652)
[04:36:52] ✓ ReplaceLine: Error: Missing required parameter(s): replacement
Usage:
<ReplaceLine>
<fileName>string</fileName>
<fromLine>number</fromLine>
<toLine>number</toLine>
<replacement>string</replacement>
<confirmed>string</confirmed>
</ReplaceLine>
[04:36:52] Tool `ReplaceLine` failed 2 times with missing parameter(s): replacement. Correct format:

Usage:
<ReplaceLine>
<fileName>string</fileName>
<fromLine>number</fromLine>
<toLine>number</toLine>
<replacement>string</replacement>
<confirmed>string</confirmed>
</ReplaceLine>
[04:36:52] ✓ ReplaceLine: Error: Missing required parameter(s): replacement
Usage:
<ReplaceLine>
<fileName>string</fileName>
<fromLine>number</fromLine>
<toLine>number</toLine>
<replacement>string</replacement>
<confirmed>string</confirmed>
</ReplaceLine>
[04:36:52] [after +571] [Context: 37954/131072 (29.0%)]
[04:36:52] [iter 8] [Context: 37954/131072 (29.0%)]
[04:36:52] INFO: AI request (iteration 8, msgs=146)
[04:36:54] INFO: AI response: 39129 prompt + 121 response tokens (total: 1314668 / 9773)
[04:36:54] Tool `ReplaceLine` failed 3 times with missing parameter(s): replacement. Correct format:

Usage:
<ReplaceLine>
<fileName>string</fileName>
<fromLine>number</fromLine>
<toLine>number</toLine>
<replacement>string</replacement>
<confirmed>string</confirmed>
</ReplaceLine>
[04:36:54] ✓ ReplaceLine: Error: Missing required parameter(s): replacement
Usage:
<ReplaceLine>
<fileName>string</fileName>
<fromLine>number</fromLine>
<toLine>number</toLine>
<replacement>string</replacement>
<confirmed>string</confirmed>
</ReplaceLine>
[04:36:54] Tool `ReplaceLine` failed 4 times with missing parameter(s): replacement. Correct format:

Usage:
<ReplaceLine>
<fileName>string</fileName>
<fromLine>number</fromLine>
<toLine>number</toLine>
<replacement>string</replacement>
<confirmed>string</confirmed>
</ReplaceLine>
[04:36:54] ✓ ReplaceLine: Error: Missing required parameter(s): replacement
Usage:
<ReplaceLine>
<fileName>string</fileName>
<fromLine>number</fromLine>
<toLine>number</toLine>
<replacement>string</replacement>
<confirmed>string</confirmed>
</ReplaceLine>
[04:36:54] [after +121] [Context: 38281/131072 (29.2%)]
[04:36:54] WARN: 4 consecutive tool errors, last tool: ReplaceLine
[04:36:54] AI loop: 4 consecutive tool errors — breaking loop
[04:36:54] [iter 10] [Context: 38340/131072 (29.3%)]
[04:36:54] INFO: AI request (iteration 10, msgs=152)
[04:36:56] INFO: AI response: 39482 prompt + 103 response tokens (total: 1354150 / 9876)
[04:36:56] [after +103] [Context: 38484/131072 (29.4%)]
[04:36:56] Auto-continue: AI round 8/50 — task 1/9: Read modules/ssh.py, modules/tcpdump.py, modules/vsftp.py an...
[04:36:56] [Context: 38592/131072 (29.4%)]
[04:36:56] [iter 1] [Context: 38592/131072 (29.4%)]
[04:36:56] INFO: AI request (iteration 1, msgs=155)
[04:36:57] INFO: AI response: 39718 prompt + 80 response tokens (total: 1393868 / 9956)
[04:36:57] [after +80] [Context: 43358/131072 (33.1%)]
[04:36:57] [iter 2] [Context: 43358/131072 (33.1%)]
[04:36:57] INFO: AI request (iteration 2, msgs=158)
[04:37:00] INFO: AI response: 44647 prompt + 151 response tokens (total: 1438515 / 10107)
[04:37:00] [after +151] [Context: 43565/131072 (33.2%)]
[04:37:00] [iter 3] [Context: 43565/131072 (33.2%)]
[04:37:00] INFO: AI request (iteration 3, msgs=160)
[04:37:02] INFO: AI response: 44846 prompt + 42 response tokens (total: 1483361 / 10149)
[04:37:02] [after +42] [Context: 43709/131072 (33.3%)]
[04:37:02] [iter 4] [Context: 43770/131072 (33.4%)]
[04:37:02] INFO: AI request (iteration 4, msgs=163)
[04:43:56] INFO: Session started, sess_id=316, mode=build, model=kimi-k2.7-code:cloud
[04:43:56] You: 
[04:44:00] You: 
[04:44:03] You: 
[04:44:26] [Context: 113111/262144 (43.1%)]
[04:44:26] [iter 1] [Context: 113111/262144 (43.1%)]
[04:44:26] INFO: AI request (iteration 1, msgs=222)
[04:44:35] INFO: AI response: 141327 prompt + 166 response tokens (total: 2570587 / 16936)
[04:44:35] [after +166] [Context: 117807/262144 (44.9%)]
[04:44:35] [iter 2] [Context: 117807/262144 (44.9%)]
[04:44:35] INFO: AI request (iteration 2, msgs=224)
[04:47:49] INFO: Session started, sess_id=317, mode=build, model=kimi-k2.7-code:cloud
[04:47:49] You: 
[04:47:59] You: 
[04:48:40] [Context: 1821/131072 (1.4%)]
[04:48:40] [iter 1] [Context: 1821/131072 (1.4%)]
[04:48:40] INFO: AI request (iteration 1, msgs=15)
[04:48:43] INFO: AI response: 845 prompt + 245 response tokens (total: 2571432 / 17181)
[04:48:43] ✓ GetTip: Error: Missing required parameter(s): title
Usage:
<GetTip>
<title>string</title>
</GetTip>
[04:48:43] Tool `GetTip` failed 2 times with missing parameter(s): title. Correct format:

Usage:
<GetTip>
<title>string</title>
</GetTip>
[04:48:43] ✓ GetTip: Error: Missing required parameter(s): title
Usage:
<GetTip>
<title>string</title>
</GetTip>
[04:48:43] [after +245] [Context: 1966/131072 (1.5%)]
[04:48:43] [iter 2] [Context: 1966/131072 (1.5%)]
[04:48:43] INFO: AI request (iteration 2, msgs=19)
[04:48:44] INFO: AI response: 983 prompt + 73 response tokens (total: 2572415 / 17254)
[04:48:44] [after +73] [Context: 2052/131072 (1.6%)]
[04:48:44] Auto-continue: AI round 1/50 — task 1/9: Read modules/ssh.py, modules/tcpdump.py, modules/vsftp.py an...
[04:48:44] [Context: 2160/131072 (1.6%)]
[04:48:44] [iter 1] [Context: 2160/131072 (1.6%)]
[04:48:44] INFO: AI request (iteration 1, msgs=21)
[04:48:46] INFO: AI response: 1125 prompt + 45 response tokens (total: 2573540 / 17299)
[04:48:46] [after +45] [Context: 6815/131072 (5.2%)]
[04:48:46] [iter 2] [Context: 6815/131072 (5.2%)]
[04:48:46] INFO: AI request (iteration 2, msgs=23)
[04:48:47] INFO: AI response: 5954 prompt + 96 response tokens (total: 2579494 / 17395)
[04:48:47] [after +96] [Context: 7845/131072 (6.0%)]
[04:48:47] [iter 3] [Context: 7845/131072 (6.0%)]
[04:48:47] INFO: AI request (iteration 3, msgs=25)
[04:48:49] INFO: AI response: 7265 prompt + 131 response tokens (total: 2586759 / 17526)
[04:48:49] [after +131] [Context: 7973/131072 (6.1%)]
[04:48:49] Auto-continue: task 1/9 — Read modules/ssh.py, modules/tcpdump.py, modules/vsftp.py an...
[04:48:49] [iter 4] [Context: 8081/131072 (6.2%)]
[04:48:49] INFO: AI request (iteration 4, msgs=27)
[04:48:52] INFO: AI response: 7449 prompt + 79 response tokens (total: 2594208 / 17605)
[04:48:52] [after +79] [Context: 8776/131072 (6.7%)]
[04:48:52] [iter 5] [Context: 8776/131072 (6.7%)]
[04:48:52] INFO: AI request (iteration 5, msgs=29)
[04:48:56] INFO: AI response: 8308 prompt + 69 response tokens (total: 2602516 / 17674)
[04:48:56] [after +69] [Context: 8845/131072 (6.7%)]
[04:48:56] Auto-continue: task 1/9 — Read modules/ssh.py, modules/tcpdump.py, modules/vsftp.py an...
[04:48:56] [iter 6] [Context: 8953/131072 (6.8%)]
[04:48:56] INFO: AI request (iteration 6, msgs=31)
[04:48:58] INFO: AI response: 8450 prompt + 106 response tokens (total: 2610966 / 17780)
[04:48:58] [after +106] [Context: 9399/131072 (7.2%)]
[04:48:58] [iter 7] [Context: 9399/131072 (7.2%)]
[04:48:58] INFO: AI request (iteration 7, msgs=33)
[04:49:27] INFO: Session started, sess_id=318, mode=build, model=kimi-k2.5:cloud
[04:49:27] You: 
[04:49:32] [Context: 9409/262144 (3.6%)]
[04:49:32] [iter 1] [Context: 9409/262144 (3.6%)]
[04:49:32] INFO: AI request (iteration 1, msgs=34)
[04:57:43] INFO: Session started, sess_id=319, mode=plan, model=kimi-k2.5:cloud
[04:57:43] Choose persona START...: 
[04:57:43] Choose available number (x to cancel): 
[04:57:46] Set system message ( CTRL+x ENTER to Finish. ): 
[04:57:47] Choose history START...: 
[04:57:47] Choose available number (x to cancel): 
[04:57:48] Canceling...
[04:57:48] Tool training — warming up model on available tools...
[04:57:48] [Context: 169/131072 (0.1%)]
[04:57:48] [iter 1] [Context: 169/131072 (0.1%)]
[04:57:48] INFO: AI request (iteration 1, msgs=2)
[04:58:02] <WriteFile
[Aborted: 'WriteFile' cannot be used in PLAN mode]
[04:58:02] Stream aborted: 'WriteFile' cannot be used in PLAN mode
[04:58:02] INFO: AI response: 0 prompt + 0 response tokens (total: 0 / 0)
[04:58:02] [after +0] [Context: 1914/131072 (1.5%)]
[04:58:02] You: 
[04:58:39] [Context: 1944/131072 (1.5%)]
[04:58:39] [iter 1] [Context: 1944/131072 (1.5%)]
[04:58:39] INFO: AI request (iteration 1, msgs=4)
[04:58:42] INFO: AI response: 698 prompt + 120 response tokens (total: 698 / 120)
[04:58:42] ✓ ReinsertTip: Error: Missing required parameter(s): title
Usage:
<ReinsertTip>
<title>string</title>
</ReinsertTip>
[04:58:42] [after +120] [Context: 2429/131072 (1.9%)]
[04:58:42] [iter 2] [Context: 2429/131072 (1.9%)]
[04:58:42] INFO: AI request (iteration 2, msgs=7)
[04:58:44] INFO: AI response: 1326 prompt + 62 response tokens (total: 2024 / 182)
[04:58:44] ✓ ReadFile: Error: Missing required parameter(s): fileName
Usage:
<ReadFile>
<fileName>string</fileName>
<max_chars>string</max_chars>
</ReadFile>
[04:58:44] [after +62] [Context: 4852/131072 (3.7%)]
[04:58:44] [iter 3] [Context: 4852/131072 (3.7%)]
[04:58:44] INFO: AI request (iteration 3, msgs=12)
[04:58:46] INFO: AI response: 3674 prompt + 56 response tokens (total: 5698 / 238)
[04:58:46] [after +56] [Context: 6175/131072 (4.7%)]
[04:58:46] [iter 4] [Context: 6175/131072 (4.7%)]
[04:58:46] INFO: AI request (iteration 4, msgs=14)
[04:58:48] INFO: AI response: 5054 prompt + 116 response tokens (total: 10752 / 354)
[04:58:48] [after +116] [Context: 8389/131072 (6.4%)]
[04:58:48] [iter 5] [Context: 8389/131072 (6.4%)]
[04:58:48] INFO: AI request (iteration 5, msgs=18)
[04:59:03] INFO: AI response: 7591 prompt + 1522 response tokens (total: 18343 / 1876)
[04:59:03] [after +1522] [Context: 10215/131072 (7.8%)]
[04:59:03] [iter 6] [Context: 10215/131072 (7.8%)]
[04:59:03] INFO: AI request (iteration 6, msgs=32)
[04:59:08] INFO: AI response: 9348 prompt + 392 response tokens (total: 27691 / 2268)
[04:59:08] [after +392] [Context: 10697/131072 (8.2%)]
[04:59:08] [iter 7] [Context: 10697/131072 (8.2%)]
[04:59:08] INFO: AI request (iteration 7, msgs=46)
[04:59:10] INFO: AI response: 9862 prompt + 77 response tokens (total: 37553 / 2345)
[04:59:10] [after +77] [Context: 10765/131072 (8.2%)]
[04:59:10] [iter 8] [Context: 10765/131072 (8.2%)]
[04:59:10] INFO: AI request (iteration 8, msgs=48)
[04:59:17] INFO: AI response: 9937 prompt + 964 response tokens (total: 47490 / 3309)
[04:59:17] ✓ WriteFile: Error: Missing required parameter(s): fileName, contentOfFile
Usage:
<WriteFile>
<fileName>string</fileName>
<contentOfFile>string</contentOfFile>
</WriteFile>
[04:59:17] [after +964] [Context: 11558/131072 (8.8%)]
[04:59:17] [iter 9] [Context: 11558/131072 (8.8%)]
[04:59:17] INFO: AI request (iteration 9, msgs=50)
[04:59:25] INFO: AI response: 10879 prompt + 914 response tokens (total: 58369 / 4223)
[04:59:25] [after +914] [Context: 12326/131072 (9.4%)]
[04:59:25] [iter 10] [Context: 12326/131072 (9.4%)]
[04:59:25] INFO: AI request (iteration 10, msgs=52)
[04:59:31] INFO: AI response: 11796 prompt + 326 response tokens (total: 70165 / 4549)
[04:59:31] [after +326] [Context: 12553/131072 (9.6%)]
[04:59:31] Model tried to use 'WriteFile' in PLAN mode.
[04:59:31]   1. Switch to BUILD mode (allow the tool)
[04:59:31]   2. Stay in PLAN mode (block the tool, continue planning)
[04:59:31]   3. Cancel AI (return to user prompt)
[04:59:31]   4. Continue (dismiss, let the model proceed)
[04:59:31] Choice (1-4): 
[04:59:47] [Context: 12553/131072 (9.6%)]
[04:59:47] [iter 1] [Context: 12553/131072 (9.6%)]
[04:59:47] INFO: AI request (iteration 1, msgs=54)
[04:59:50] INFO: AI response: 12107 prompt + 186 response tokens (total: 82272 / 4735)
[04:59:50] [after +186] [Context: 12739/131072 (9.7%)]
[04:59:50] [iter 2] [Context: 12739/131072 (9.7%)]
[04:59:50] INFO: AI request (iteration 2, msgs=56)
[04:59:55] INFO: AI response: 12303 prompt + 560 response tokens (total: 94575 / 5295)
[04:59:55] [after +560] [Context: 13390/131072 (10.2%)]
[04:59:55] [iter 3] [Context: 13390/131072 (10.2%)]
[04:59:55] INFO: AI request (iteration 3, msgs=63)
[05:00:03] INFO: AI response: 12994 prompt + 448 response tokens (total: 107569 / 5743)
[05:00:03] [after +448] [Context: 13805/131072 (10.5%)]
[05:00:03] [iter 4] [Context: 13805/131072 (10.5%)]
[05:00:03] INFO: AI request (iteration 4, msgs=65)
[05:00:27] INFO: AI response: 13419 prompt + 265 response tokens (total: 120988 / 6008)
[05:00:27] [after +265] [Context: 14122/131072 (10.8%)]
[05:00:27] [iter 5] [Context: 14122/131072 (10.8%)]
[05:00:27] INFO: AI request (iteration 5, msgs=70)
[05:00:42] INFO: AI response: 13740 prompt + 498 response tokens (total: 134728 / 6506)
[05:00:42] [after +498] [Context: 14602/131072 (11.1%)]
[05:00:42] [iter 6] [Context: 14602/131072 (11.1%)]
[05:00:42] INFO: AI request (iteration 6, msgs=72)
[05:00:47] INFO: AI response: 14250 prompt + 268 response tokens (total: 148978 / 6774)
[05:00:47] [after +268] [Context: 14829/131072 (11.3%)]
[05:00:47] [iter 7] [Context: 14829/131072 (11.3%)]
[05:00:47] INFO: AI request (iteration 7, msgs=74)
[05:00:51] INFO: AI response: 14516 prompt + 178 response tokens (total: 163494 / 6952)
[05:00:51] [after +178] [Context: 15204/131072 (11.6%)]
[05:00:51] [iter 8] [Context: 15204/131072 (11.6%)]
[05:00:51] INFO: AI request (iteration 8, msgs=77)
[05:00:53] INFO: AI response: 14941 prompt + 44 response tokens (total: 178435 / 6996)
[05:00:53] [after +44] [Context: 15399/131072 (11.7%)]
[05:00:53] [iter 9] [Context: 15399/131072 (11.7%)]
[05:00:53] INFO: AI request (iteration 9, msgs=80)
[05:01:40] INFO: AI response: 15120 prompt + 3853 response tokens (total: 193555 / 10849)
[05:01:40] [after +3853] [Context: 19509/131072 (14.9%)]
[05:01:40] [iter 10] [Context: 19509/131072 (14.9%)]
[05:01:40] INFO: AI request (iteration 10, msgs=82)
[05:01:44] INFO: AI response: 18874 prompt + 51 response tokens (total: 212429 / 10900)
[05:01:44] [after +51] [Context: 19717/131072 (15.0%)]
[05:01:44] Auto-continue: AI round 1/50 — task 2/10: Define typed Pydantic models for: LogEntry (timestamp, ip, r...
[05:01:44] [Context: 19808/131072 (15.1%)]
[05:01:44] [iter 1] [Context: 19808/131072 (15.1%)]
[05:01:44] INFO: AI request (iteration 1, msgs=85)
[05:01:54] INFO: AI response: 19165 prompt + 385 response tokens (total: 231594 / 11285)
[05:01:54] [after +385] [Context: 20249/131072 (15.4%)]
[05:01:54] [iter 2] [Context: 20249/131072 (15.4%)]
[05:01:54] INFO: AI request (iteration 2, msgs=88)
[05:01:56] INFO: AI response: 19580 prompt + 40 response tokens (total: 251174 / 11325)
[05:01:56] [after +40] [Context: 20447/131072 (15.6%)]
[05:01:56] [iter 3] [Context: 20447/131072 (15.6%)]
[05:01:56] INFO: AI request (iteration 3, msgs=91)
[05:02:37] INFO: AI response: 19737 prompt + 4111 response tokens (total: 270911 / 15436)
[05:02:37] [after +4111] [Context: 25352/131072 (19.3%)]
[05:02:37] [iter 4] [Context: 25352/131072 (19.3%)]
[05:02:37] INFO: AI request (iteration 4, msgs=93)
[05:02:39] INFO: AI response: 23845 prompt + 175 response tokens (total: 294756 / 15611)
[05:02:39] [after +175] [Context: 25522/131072 (19.5%)]
[05:02:39] [iter 5] [Context: 25522/131072 (19.5%)]
[05:02:39] INFO: AI request (iteration 5, msgs=95)
[05:03:10] INFO: AI response: 24008 prompt + 3137 response tokens (total: 318764 / 18748)
[05:03:10] [after +3137] [Context: 29112/131072 (22.2%)]
[05:03:10] [iter 6] [Context: 29112/131072 (22.2%)]
[05:03:10] INFO: AI request (iteration 6, msgs=97)
[05:03:26] INFO: AI response: 27151 prompt + 2229 response tokens (total: 345915 / 20977)
[05:03:26] [after +2229] [Context: 31824/131072 (24.3%)]
[05:03:26] [iter 7] [Context: 31824/131072 (24.3%)]
[05:03:26] INFO: AI request (iteration 7, msgs=99)
[05:03:30] INFO: AI response: 29397 prompt + 250 response tokens (total: 375312 / 21227)
[05:03:30] [after +250] [Context: 32299/131072 (24.6%)]
[05:03:30] [iter 8] [Context: 32299/131072 (24.6%)]
[05:03:30] INFO: AI request (iteration 8, msgs=102)
[05:03:33] INFO: AI response: 29844 prompt + 30 response tokens (total: 405156 / 21257)
[05:03:33] [after +30] [Context: 32485/131072 (24.8%)]
[05:03:33] [iter 9] [Context: 32485/131072 (24.8%)]
[05:03:33] INFO: AI request (iteration 9, msgs=105)
[05:03:35] INFO: AI response: 29991 prompt + 109 response tokens (total: 435147 / 21366)
[05:03:35] [after +109] [Context: 33035/131072 (25.2%)]
[05:03:35] [iter 10] [Context: 33035/131072 (25.2%)]
[05:03:35] INFO: AI request (iteration 10, msgs=107)
[05:04:00] INFO: AI response: 30883 prompt + 95 response tokens (total: 466030 / 21461)
[05:04:00] [after +95] [Context: 33860/131072 (25.8%)]
[05:04:00] Auto-continue: AI round 2/50 — task 4/10: Create abstract LogParser class in src/fwtrash/parsers/base....
[05:04:00] [Context: 33947/131072 (25.9%)]
[05:04:00] [iter 1] [Context: 33947/131072 (25.9%)]
[05:04:00] INFO: AI request (iteration 1, msgs=110)
[05:04:09] INFO: AI response: 31977 prompt + 934 response tokens (total: 498007 / 22395)
[05:04:09] [after +934] [Context: 34949/131072 (26.7%)]
[05:04:09] [iter 2] [Context: 34949/131072 (26.7%)]
[05:04:09] INFO: AI request (iteration 2, msgs=112)
[05:04:13] INFO: AI response: 32863 prompt + 144 response tokens (total: 530870 / 22539)
[05:04:13] [after +144] [Context: 35255/131072 (26.9%)]
[05:04:13] [iter 3] [Context: 35255/131072 (26.9%)]
[05:04:13] INFO: AI request (iteration 3, msgs=114)
[05:04:17] INFO: AI response: 33163 prompt + 319 response tokens (total: 564033 / 22858)
[05:04:17] [after +319] [Context: 35463/131072 (27.1%)]
[05:04:17] [iter 4] [Context: 35463/131072 (27.1%)]
[05:04:17] INFO: AI request (iteration 4, msgs=116)
[05:04:46] INFO: AI response: 33377 prompt + 2750 response tokens (total: 597410 / 25608)
[05:04:46] [after +2750] [Context: 37919/131072 (28.9%)]
[05:04:46] [iter 5] [Context: 37919/131072 (28.9%)]
[05:04:46] INFO: AI request (iteration 5, msgs=118)
[05:04:49] INFO: AI response: 36127 prompt + 67 response tokens (total: 633537 / 25675)
[05:04:49] [after +67] [Context: 38120/131072 (29.1%)]
[05:04:49] [iter 6] [Context: 38120/131072 (29.1%)]
[05:04:49] INFO: AI request (iteration 6, msgs=120)
[05:05:29] INFO: AI response: 36341 prompt + 2162 response tokens (total: 669878 / 27837)
[05:05:29] [after +2162] [Context: 40086/131072 (30.6%)]
[05:05:29] [iter 7] [Context: 40086/131072 (30.6%)]
[05:05:29] INFO: AI request (iteration 7, msgs=122)
[05:05:49] INFO: AI response: 38510 prompt + 2056 response tokens (total: 708388 / 29893)
[05:05:49] [after +2056] [Context: 41979/131072 (32.0%)]
[05:05:49] [iter 8] [Context: 41979/131072 (32.0%)]
[05:05:49] INFO: AI request (iteration 8, msgs=124)
[05:06:11] INFO: AI response: 40569 prompt + 2666 response tokens (total: 748957 / 32559)
[05:06:11] [after +2666] [Context: 44368/131072 (33.9%)]
[05:06:11] [iter 9] [Context: 44368/131072 (33.9%)]
[05:06:11] INFO: AI request (iteration 9, msgs=126)
[05:06:23] INFO: AI response: 43242 prompt + 1427 response tokens (total: 792199 / 33986)
[05:06:23] [after +1427] [Context: 45648/131072 (34.8%)]
[05:06:23] [iter 10] [Context: 45648/131072 (34.8%)]
[05:06:23] INFO: AI request (iteration 10, msgs=128)
[05:06:32] INFO: AI response: 44656 prompt + 1316 response tokens (total: 836855 / 35302)
[05:06:32] [after +1316] [Context: 46863/131072 (35.8%)]
[05:06:32] Auto-continue: AI round 3/50 — task 4/10: Create abstract LogParser class in src/fwtrash/parsers/base....
[05:06:32] [Context: 46950/131072 (35.8%)]
[05:06:32] [iter 1] [Context: 46950/131072 (35.8%)]
[05:06:32] INFO: AI request (iteration 1, msgs=131)
[05:06:35] INFO: AI response: 46044 prompt + 177 response tokens (total: 882899 / 35479)
[05:06:35] [after +177] [Context: 47057/131072 (35.9%)]
[05:06:35] [iter 2] [Context: 47057/131072 (35.9%)]
[05:06:35] INFO: AI request (iteration 2, msgs=133)
[05:06:39] INFO: AI response: 46160 prompt + 161 response tokens (total: 929059 / 35640)
[05:06:39] [after +161] [Context: 47268/131072 (36.1%)]
[05:06:39] [iter 3] [Context: 47268/131072 (36.1%)]
[05:06:39] INFO: AI request (iteration 3, msgs=135)
[05:06:51] INFO: AI response: 46389 prompt + 1113 response tokens (total: 975448 / 36753)
[05:06:51] [after +1113] [Context: 48291/131072 (36.8%)]
[05:06:51] [iter 4] [Context: 48291/131072 (36.8%)]
[05:06:51] INFO: AI request (iteration 4, msgs=137)
[05:06:55] INFO: AI response: 47514 prompt + 60 response tokens (total: 1022962 / 36813)
[05:06:55] [after +60] [Context: 48424/131072 (36.9%)]
[05:06:55] [iter 5] [Context: 48424/131072 (36.9%)]
[05:06:55] INFO: AI request (iteration 5, msgs=139)
[05:07:00] INFO: AI response: 47669 prompt + 294 response tokens (total: 1070631 / 37107)
[05:07:00] [after +294] [Context: 48964/131072 (37.4%)]
[05:07:00] [iter 6] [Context: 48964/131072 (37.4%)]
[05:07:00] INFO: AI request (iteration 6, msgs=142)
[05:07:02] INFO: AI response: 48224 prompt + 22 response tokens (total: 1118855 / 37129)
[05:07:02] [after +22] [Context: 49149/131072 (37.5%)]
[05:07:02] [iter 7] [Context: 49149/131072 (37.5%)]
[05:07:02] INFO: AI request (iteration 7, msgs=145)
[05:07:37] INFO: AI response: 48381 prompt + 2995 response tokens (total: 1167236 / 40124)
[05:07:37] [after +2995] [Context: 52548/131072 (40.1%)]
[05:07:37] [iter 8] [Context: 52548/131072 (40.1%)]
[05:07:37] INFO: AI request (iteration 8, msgs=147)
[05:07:59] INFO: AI response: 51364 prompt + 1505 response tokens (total: 1218600 / 41629)
[05:07:59] [after +1505] [Context: 54093/131072 (41.3%)]
[05:07:59] [iter 9] [Context: 54093/131072 (41.3%)]
[05:07:59] INFO: AI request (iteration 9, msgs=149)
[05:08:22] INFO: AI response: 52874 prompt + 1340 response tokens (total: 1271474 / 42969)
[05:08:22] [after +1340] [Context: 55559/131072 (42.4%)]
[05:08:22] [iter 10] [Context: 55559/131072 (42.4%)]
[05:08:22] INFO: AI request (iteration 10, msgs=151)
[05:08:39] INFO: AI response: 54225 prompt + 1557 response tokens (total: 1325699 / 44526)
[05:08:39] [after +1557] [Context: 57107/131072 (43.6%)]
[05:08:39] Auto-continue: AI round 4/50 — task 5/10: Implement Pipeline class in src/fwtrash/engine/pipeline.py: ...
[05:08:39] [Context: 57193/131072 (43.6%)]
[05:08:39] [iter 1] [Context: 57193/131072 (43.6%)]
[05:08:39] INFO: AI request (iteration 1, msgs=154)
[05:08:43] INFO: AI response: 55857 prompt + 89 response tokens (total: 1381556 / 44615)
[05:08:43] [after +89] [Context: 57402/131072 (43.8%)]
[05:08:43] [iter 2] [Context: 57402/131072 (43.8%)]
[05:08:43] INFO: AI request (iteration 2, msgs=156)
[05:09:16] INFO: AI response: 56067 prompt + 2716 response tokens (total: 1437623 / 47331)
[05:09:16] [after +2716] [Context: 60722/131072 (46.3%)]
[05:09:16] [iter 3] [Context: 60722/131072 (46.3%)]
[05:09:16] INFO: AI request (iteration 3, msgs=158)
[05:09:22] INFO: AI response: 58785 prompt + 176 response tokens (total: 1496408 / 47507)
[05:09:22] [after +176] [Context: 60910/131072 (46.5%)]
[05:09:22] [iter 4] [Context: 60910/131072 (46.5%)]
[05:09:22] INFO: AI request (iteration 4, msgs=160)
[05:09:32] INFO: AI response: 58974 prompt + 297 response tokens (total: 1555382 / 47804)
[05:09:32] [after +297] [Context: 61459/131072 (46.9%)]
[05:09:32] [iter 5] [Context: 61459/131072 (46.9%)]
[05:09:32] INFO: AI request (iteration 5, msgs=163)
[05:09:34] INFO: AI response: 59539 prompt + 27 response tokens (total: 1614921 / 47831)
[05:09:34] [after +27] [Context: 61630/131072 (47.0%)]
[05:09:34] [iter 6] [Context: 61630/131072 (47.0%)]
[05:09:34] INFO: AI request (iteration 6, msgs=166)
[05:10:05] INFO: AI response: 59684 prompt + 2664 response tokens (total: 1674605 / 50495)
[05:10:05] [after +2664] [Context: 64604/131072 (49.3%)]
[05:10:05] [iter 7] [Context: 64604/131072 (49.3%)]
[05:10:05] INFO: AI request (iteration 7, msgs=168)
[05:10:17] INFO: AI response: 62204 prompt + 226 response tokens (total: 1736809 / 50721)
[05:10:17] [after +226] [Context: 64879/131072 (49.5%)]
[05:10:17] [iter 8] [Context: 64879/131072 (49.5%)]
[05:10:17] INFO: AI request (iteration 8, msgs=170)
[05:10:23] INFO: AI response: 62490 prompt + 240 response tokens (total: 1799299 / 50961)
[05:10:23] [after +240] [Context: 65178/131072 (49.7%)]
[05:10:23] [iter 9] [Context: 65178/131072 (49.7%)]
[05:10:23] INFO: AI request (iteration 9, msgs=172)
[05:10:28] INFO: AI response: 62800 prompt + 248 response tokens (total: 1862099 / 51209)
[05:10:28] [after +248] [Context: 65643/131072 (50.1%)]
[05:10:28] [iter 10] [Context: 65643/131072 (50.1%)]
[05:10:28] INFO: AI request (iteration 10, msgs=175)
[05:10:32] INFO: AI response: 63261 prompt + 113 response tokens (total: 1925360 / 51322)
[05:10:32] [after +113] [Context: 65815/131072 (50.2%)]
[05:10:32] Auto-continue: AI round 5/50 — task 7/10: Build new CLI in src/fwtrash/cli/main.py using Click or Type...
[05:10:32] [Context: 65895/131072 (50.3%)]
[05:10:32] [iter 1] [Context: 65895/131072 (50.3%)]
[05:10:32] INFO: AI request (iteration 1, msgs=179)
[05:11:01] INFO: AI response: 63519 prompt + 3198 response tokens (total: 1988879 / 54520)
[05:11:01] [after +3198] [Context: 69091/131072 (52.7%)]
[05:11:01] [iter 2] [Context: 69091/131072 (52.7%)]
[05:11:01] INFO: AI request (iteration 2, msgs=181)
[05:11:35] INFO: AI response: 66705 prompt + 2561 response tokens (total: 2055584 / 57081)
[05:11:35] [after +2561] [Context: 71789/131072 (54.8%)]
[05:11:35] [iter 3] [Context: 71789/131072 (54.8%)]
[05:11:35] INFO: AI request (iteration 3, msgs=183)
[05:11:39] INFO: AI response: 69262 prompt + 221 response tokens (total: 2124846 / 57302)
[05:11:39] [after +221] [Context: 71994/131072 (54.9%)]
[05:11:39] [iter 4] [Context: 71994/131072 (54.9%)]
[05:11:39] INFO: AI request (iteration 4, msgs=185)
[05:11:42] INFO: AI response: 69469 prompt + 114 response tokens (total: 2194315 / 57416)
[05:11:42] [after +114] [Context: 72084/131072 (55.0%)]
[05:11:42] [iter 5] [Context: 72084/131072 (55.0%)]
[05:11:42] INFO: AI request (iteration 5, msgs=187)
[05:11:48] INFO: AI response: 69575 prompt + 354 response tokens (total: 2263890 / 57770)
[05:11:48] [after +354] [Context: 72530/131072 (55.3%)]
[05:11:48] [iter 6] [Context: 72530/131072 (55.3%)]
[05:11:48] INFO: AI request (iteration 6, msgs=190)
[05:11:51] INFO: AI response: 70118 prompt + 94 response tokens (total: 2334008 / 57864)
[05:11:51] [after +94] [Context: 72695/131072 (55.5%)]
[05:11:51] [iter 7] [Context: 72695/131072 (55.5%)]
[05:11:51] INFO: AI request (iteration 7, msgs=193)
[05:12:36] INFO: AI response: 70262 prompt + 4232 response tokens (total: 2404270 / 62096)
[05:12:36] [after +4232] [Context: 77198/131072 (58.9%)]
[05:12:36] [iter 8] [Context: 77198/131072 (58.9%)]
[05:12:36] INFO: AI request (iteration 8, msgs=195)
[05:12:53] INFO: AI response: 74413 prompt + 2202 response tokens (total: 2478683 / 64298)
[05:12:53] [after +2202] [Context: 79426/131072 (60.6%)]
[05:12:53] [iter 9] [Context: 79426/131072 (60.6%)]
[05:12:53] INFO: AI request (iteration 9, msgs=197)
[05:13:00] INFO: AI response: 76619 prompt + 414 response tokens (total: 2555302 / 64712)
[05:13:00] [after +414] [Context: 79919/131072 (61.0%)]
[05:13:00] [iter 10] [Context: 79919/131072 (61.0%)]
[05:13:00] INFO: AI request (iteration 10, msgs=199)
[05:13:06] INFO: AI response: 77098 prompt + 528 response tokens (total: 2632400 / 65240)
[05:13:06] [after +528] [Context: 80513/131072 (61.4%)]
[05:13:06] Auto-continue: AI round 6/50 — task 8/10: Add optional web dashboard using FastAPI + WebSocket for rea...
[05:13:06] [Context: 80589/131072 (61.5%)]
[05:13:06] [iter 1] [Context: 80589/131072 (61.5%)]
[05:13:06] INFO: AI request (iteration 1, msgs=202)
[05:13:09] INFO: AI response: 77751 prompt + 80 response tokens (total: 2710151 / 65320)
[05:13:09] [after +80] [Context: 80682/131072 (61.6%)]
[05:13:09] [iter 2] [Context: 80682/131072 (61.6%)]
[05:13:09] INFO: AI request (iteration 2, msgs=204)
[05:13:12] INFO: AI response: 77846 prompt + 143 response tokens (total: 2787997 / 65463)
[05:13:12] [after +143] [Context: 80886/131072 (61.7%)]
[05:13:12] [iter 3] [Context: 80886/131072 (61.7%)]
[05:13:12] INFO: AI request (iteration 3, msgs=206)
[05:13:15] INFO: AI response: 78060 prompt + 63 response tokens (total: 2866057 / 65526)
[05:13:15] [after +63] [Context: 81166/131072 (61.9%)]
[05:13:15] [iter 4] [Context: 81166/131072 (61.9%)]
[05:13:15] INFO: AI request (iteration 4, msgs=208)
[05:13:17] INFO: AI response: 78334 prompt + 58 response tokens (total: 2944391 / 65584)
[05:13:17] [after +58] [Context: 81367/131072 (62.1%)]
[05:13:17] [iter 5] [Context: 81367/131072 (62.1%)]
[05:13:17] INFO: AI request (iteration 5, msgs=210)
[05:13:20] ReadFile>⚠ Model repeated itself — auto-cancelled
[05:13:20] [after +58] [Context: 81367/131072 (62.1%)]
[05:13:20] Auto-continue: task 8/10 — Add optional web dashboard using FastAPI + WebSocket for rea...
[05:13:20] [iter 6] [Context: 81444/131072 (62.1%)]
[05:13:20] INFO: AI request (iteration 6, msgs=211)
[05:13:23] INFO: AI response: 78603 prompt + 90 response tokens (total: 3022994 / 65674)
[05:13:23] [after +90] [Context: 82015/131072 (62.6%)]
[05:13:23] [iter 7] [Context: 82015/131072 (62.6%)]
[05:13:23] INFO: AI request (iteration 7, msgs=213)
[05:13:26] INFO: AI response: 79165 prompt + 61 response tokens (total: 3102159 / 65735)
[05:13:26] [after +61] [Context: 82823/131072 (63.2%)]
[05:13:26] [iter 8] [Context: 82823/131072 (63.2%)]
[05:13:26] INFO: AI request (iteration 8, msgs=215)
[05:13:53] INFO: AI response: 79973 prompt + 2487 response tokens (total: 3182132 / 68222)
[05:13:53] [after +2487] [Context: 85457/131072 (65.2%)]
[05:13:53] [iter 9] [Context: 85457/131072 (65.2%)]
[05:13:53] INFO: AI request (iteration 9, msgs=217)
[05:13:58] INFO: AI response: 82473 prompt + 226 response tokens (total: 3264605 / 68448)
[05:13:58] [after +226] [Context: 85886/131072 (65.5%)]
[05:13:58] [iter 10] [Context: 85886/131072 (65.5%)]
[05:13:58] INFO: AI request (iteration 10, msgs=220)
[05:14:01] INFO: AI response: 82882 prompt + 116 response tokens (total: 3347487 / 68564)
[05:14:01] [after +116] [Context: 86046/131072 (65.6%)]
[05:14:01] Auto-continue: AI round 7/50 — task 9/10: Build comprehensive tests/ using pytest: unit tests for all ...
[05:14:01] [Context: 86120/131072 (65.7%)]
[05:14:01] [iter 1] [Context: 86120/131072 (65.7%)]
[05:14:01] INFO: AI request (iteration 1, msgs=224)
[05:14:22] INFO: AI response: 83089 prompt + 1558 response tokens (total: 3430576 / 70122)
[05:14:22] [after +1558] [Context: 87385/131072 (66.7%)]
[05:14:22] [iter 2] [Context: 87385/131072 (66.7%)]
[05:14:22] INFO: AI request (iteration 2, msgs=226)
[05:14:42] INFO: AI response: 84528 prompt + 1955 response tokens (total: 3515104 / 72077)
[05:14:42] [after +1955] [Context: 89293/131072 (68.1%)]
[05:14:42] [iter 3] [Context: 89293/131072 (68.1%)]
[05:14:42] INFO: AI request (iteration 3, msgs=228)
[05:15:04] INFO: AI response: 86437 prompt + 1730 response tokens (total: 3601541 / 73807)
[05:15:04] [after +1730] [Context: 91145/131072 (69.5%)]
[05:15:04] [iter 4] [Context: 91145/131072 (69.5%)]
[05:15:04] INFO: AI request (iteration 4, msgs=230)
[05:15:24] INFO: AI response: 88170 prompt + 1295 response tokens (total: 3689711 / 75102)
[05:15:24] [after +1295] [Context: 92496/131072 (70.6%)]
[05:15:24] [iter 5] [Context: 92496/131072 (70.6%)]
[05:15:24] INFO: AI request (iteration 5, msgs=232)
[05:15:38] INFO: AI response: 89469 prompt + 1465 response tokens (total: 3779180 / 76567)
[05:15:38] [after +1465] [Context: 93902/131072 (71.6%)]
[05:15:38] [iter 6] [Context: 93902/131072 (71.6%)]
[05:15:38] INFO: AI request (iteration 6, msgs=234)
[05:15:52] INFO: AI response: 90943 prompt + 1111 response tokens (total: 3870123 / 77678)
[05:15:52] [after +1111] [Context: 94963/131072 (72.5%)]
[05:15:52] [iter 7] [Context: 94963/131072 (72.5%)]
[05:15:52] INFO: AI request (iteration 7, msgs=236)
[05:15:57] INFO: AI response: 92060 prompt + 289 response tokens (total: 3962183 / 77967)
[05:15:57] [after +289] [Context: 95500/131072 (72.9%)]
[05:15:57] [iter 8] [Context: 95500/131072 (72.9%)]
[05:15:57] INFO: AI request (iteration 8, msgs=238)
[05:16:00] INFO: AI response: 92612 prompt + 62 response tokens (total: 4054795 / 78029)
[05:16:00] [after +62] [Context: 95610/131072 (72.9%)]
[05:16:00] [iter 9] [Context: 95610/131072 (72.9%)]
[05:16:00] INFO: AI request (iteration 9, msgs=240)
[05:16:02] INFO: AI response: 92744 prompt + 33 response tokens (total: 4147539 / 78062)
[05:16:02] [after +33] [Context: 95769/131072 (73.1%)]
[05:16:02] [iter 10] [Context: 95769/131072 (73.1%)]
[05:16:02] INFO: AI request (iteration 10, msgs=243)
[05:16:16] INFO: AI response: 92887 prompt + 1047 response tokens (total: 4240426 / 79109)
[05:16:16] [after +1047] [Context: 96624/131072 (73.7%)]
[05:16:16] Auto-continue: AI round 8/50 — task 10/10: Write MIGRATION.md guide for v0.6→v2.0. Update README with n...
[05:16:16] [Context: 96698/131072 (73.8%)]
[05:16:16] [iter 1] [Context: 96698/131072 (73.8%)]
[05:16:16] INFO: AI request (iteration 1, msgs=246)
[05:16:29] INFO: AI response: 93988 prompt + 1277 response tokens (total: 4334414 / 80386)
[05:16:29] [after +1277] [Context: 97929/131072 (74.7%)]
[05:16:29] [iter 2] [Context: 97929/131072 (74.7%)]
[05:16:29] INFO: AI request (iteration 2, msgs=248)
[05:16:39] INFO: AI response: 95232 prompt + 975 response tokens (total: 4429646 / 81361)
[05:16:39] [after +975] [Context: 98749/131072 (75.3%)]
[05:16:39] [iter 3] [Context: 98749/131072 (75.3%)]
[05:16:39] INFO: AI request (iteration 3, msgs=250)
[05:16:43] INFO: AI response: 96204 prompt + 294 response tokens (total: 4525850 / 81655)
[05:16:43] [after +294] [Context: 99001/131072 (75.5%)]
[05:16:43] [iter 4] [Context: 99001/131072 (75.5%)]
[05:16:43] INFO: AI request (iteration 4, msgs=252)
[05:16:47] INFO: AI response: 96501 prompt + 300 response tokens (total: 4622351 / 81955)
[05:16:47] [after +300] [Context: 99197/131072 (75.7%)]
[05:16:47] [iter 5] [Context: 99197/131072 (75.7%)]
[05:16:47] INFO: AI request (iteration 5, msgs=254)
[05:16:50] INFO: AI response: 96727 prompt + 59 response tokens (total: 4719078 / 82014)
[05:16:50] [after +59] [Context: 99526/131072 (75.9%)]
[05:16:50] [iter 6] [Context: 99526/131072 (75.9%)]
[05:16:50] INFO: AI request (iteration 6, msgs=256)
[05:16:58] INFO: AI response: 97080 prompt + 718 response tokens (total: 4816158 / 82732)
[05:16:58] [after +718] [Context: 100230/131072 (76.5%)]
[05:16:58] [iter 7] [Context: 100230/131072 (76.5%)]
[05:16:58] INFO: AI request (iteration 7, msgs=258)
[05:17:04] INFO: AI response: 97804 prompt + 507 response tokens (total: 4913962 / 83239)
[05:17:04] [after +507] [Context: 100740/131072 (76.9%)]
[05:17:04] [iter 8] [Context: 100740/131072 (76.9%)]
[05:17:04] INFO: AI request (iteration 8, msgs=260)
[05:17:14] INFO: AI response: 98314 prompt + 1097 response tokens (total: 5012276 / 84336)
[05:17:14] [after +1097] [Context: 101853/131072 (77.7%)]
[05:17:14] [iter 9] [Context: 101853/131072 (77.7%)]
[05:17:14] INFO: AI request (iteration 9, msgs=262)
[05:17:21] INFO: AI response: 99415 prompt + 357 response tokens (total: 5111691 / 84693)
[05:17:21] [after +357] [Context: 102454/131072 (78.2%)]
[05:17:21] [iter 10] [Context: 102454/131072 (78.2%)]
[05:17:21] INFO: AI request (iteration 10, msgs=265)
[05:17:23] INFO: AI response: 100004 prompt + 36 response tokens (total: 5211695 / 84729)
[05:17:23] [after +36] [Context: 102487/131072 (78.2%)]
[05:17:23] You: 
